La génération a démarré 21/01/2016 15:57:18.
     1>Projet "C:\Users\mataoui\Documents\Visual Studio 2013\Projects\DeskCleaner\KeepCalmEngine\KeepCalmEngine.vcxproj" sur le nœud 2 (Build cible(s)).
     1>ClCompile:
         C:\Program Files (x86)\Microsoft Visual Studio 12.0\VC\bin\CL.exe /c /Zi /nologo /W3 /WX- /O2 /Oi /Oy- /GL /D WIN32 /D NDEBUG /D _WINDOWS /D _USRDLL /D KEEPCALMENGINE_EXPORTS /D _WINDLL /D _UNICODE /D UNICODE /Gm- /EHsc /MD /GS /Gy /fp:precise /Zc:wchar_t /Zc:forScope /Yc"stdafx.h" /Fp"Release\KeepCalmEngine.pch" /Fo"Release\\" /Fd"Release\vc120.pdb" /Gd /TP /analyze- /errorReport:prompt stdafx.cpp
         stdafx.cpp
         C:\Program Files (x86)\Microsoft Visual Studio 12.0\VC\bin\CL.exe /c /Zi /nologo /W3 /WX- /O2 /Oi /Oy- /GL /D WIN32 /D NDEBUG /D _WINDOWS /D _USRDLL /D KEEPCALMENGINE_EXPORTS /D _WINDLL /D _UNICODE /D UNICODE /Gm- /EHsc /MD /GS /Gy /fp:precise /Zc:wchar_t /Zc:forScope /Fo"Release\\" /Fd"Release\vc120.pdb" /Gd /TP /analyze- /errorReport:prompt dllmain.cpp
         dllmain.cpp
         C:\Program Files (x86)\Microsoft Visual Studio 12.0\VC\bin\CL.exe /c /Zi /nologo /W3 /WX- /O2 /Oi /Oy- /GL /D WIN32 /D NDEBUG /D _WINDOWS /D _USRDLL /D KEEPCALMENGINE_EXPORTS /D _WINDLL /D _UNICODE /D UNICODE /Gm- /EHsc /MD /GS /Gy /fp:precise /Zc:wchar_t /Zc:forScope /Yu"stdafx.h" /Fp"Release\KeepCalmEngine.pch" /Fo"Release\\" /Fd"Release\vc120.pdb" /Gd /TP /analyze- /errorReport:prompt KeepCalmEngine.cpp
         KeepCalmEngine.cpp
     1>KeepCalmEngine.cpp(365): warning C4307: '+' : dépassement de constante intégrale
       Link:
         C:\Program Files (x86)\Microsoft Visual Studio 12.0\VC\bin\link.exe /ERRORREPORT:PROMPT /OUT:"C:\Users\mataoui\Documents\Visual Studio 2013\Projects\DeskCleaner\Release\KeepCalmEngine.dll" /INCREMENTAL:NO /NOLOGO kernel32.lib user32.lib gdi32.lib winspool.lib comdlg32.lib advapi32.lib shell32.lib ole32.lib oleaut32.lib uuid.lib odbc32.lib odbccp32.lib /MANIFEST /MANIFESTUAC:"level='asInvoker' uiAccess='false'" /manifest:embed /DEBUG /PDB:"C:\Users\mataoui\Documents\Visual Studio 2013\Projects\DeskCleaner\Release\KeepCalmEngine.pdb" /SUBSYSTEM:WINDOWS /OPT:REF /OPT:ICF /LTCG /TLBID:1 /DYNAMICBASE /NXCOMPAT /IMPLIB:"C:\Users\mataoui\Documents\Visual Studio 2013\Projects\DeskCleaner\Release\KeepCalmEngine.lib" /MACHINE:X86 /SAFESEH /DLL Release\dllmain.obj
         Release\KeepCalmEngine.obj
         Release\stdafx.obj
            Création de la bibliothèque C:\Users\mataoui\Documents\Visual Studio 2013\Projects\DeskCleaner\Release\KeepCalmEngine.lib et de l'objet C:\Users\mataoui\Documents\Visual Studio 2013\Projects\DeskCleaner\Release\KeepCalmEngine.exp
         Génération de code en cours
         Fin de la génération du code
         KeepCalmEngine.vcxproj -> C:\Users\mataoui\Documents\Visual Studio 2013\Projects\DeskCleaner\Release\KeepCalmEngine.dll
     1>Génération du projet "C:\Users\mataoui\Documents\Visual Studio 2013\Projects\DeskCleaner\KeepCalmEngine\KeepCalmEngine.vcxproj" terminée (Build cible(s)).

La génération a réussi.

Temps écoulé 00:00:03.29
